commit 30ae04e3b2c10a5c1b91e209a87c9e58f2800b59
Author: vamsivenkat987 <vamsivenkat1998@gmail.com>
Date:   Sun May 31 20:01:37 2020 +0200

    search file

commit 24730b40665cc5ab8ffd71698f67674c08f078cb
Author: vamsivenkat987 <vamsivenkat1998@gmail.com>
Date:   Sun May 31 20:00:59 2020 +0200

    remove file

commit 99c0a916eb6f267da2340db372bf1a64e53c57a6
Author: vamsivenkat987 <vamsivenkat1998@gmail.com>
Date:   Sun May 31 19:59:39 2020 +0200

    listdevs file

commit edfa14b281c7c86f84824f86ecee9bd721ac0802
Author: vamsivenkat987 <vamsivenkat1998@gmail.com>
Date:   Sun May 31 19:59:07 2020 +0200

    list file

commit f2342dd3bc4c5241494ee5f8f2324254f38699ab
Author: vamsivenkat987 <vamsivenkat1998@gmail.com>
Date:   Sun May 31 19:58:31 2020 +0200

    config file

commit b754afd8c36a6b3b4dbc12cada886ad9ece6c986
Author: vamsivenkat987 <vamsivenkat1998@gmail.com>
Date:   Sun May 31 19:56:30 2020 +0200

    backend

commit 2ed64e54044bdd3d34d4ffce9359c25777564db0
Author: vamsivenkat987 <vamsivenkat1998@gmail.com>
Date:   Sun May 31 19:55:48 2020 +0200

    adddevice file

commit 7af08e114fbaade7ef5f5de76c633ab9a85d4ed2
Author: vamsivenkat987 <55131501+vamsivenkat987@users.noreply.github.com>
Date:   Sun May 31 15:38:55 2020 +0200

    Create README.md

commit 3835597e3af1158ec543bedfb98a1adad789487e
Author: vamsivenkat987 <vamsivenkat1998@gmail.com>
Date:   Sun May 31 15:29:47 2020 +0200

    log file

commit 301158396119b7ecab7bb8cdbb3893ead4c32b65
Author: vamsivenkat987 <vamsivenkat1998@gmail.com>
Date:   Sun May 31 15:28:28 2020 +0200

    search file

commit b81082ed2a063102d8abb2a7a64410347aa4f617
Author: vamsivenkat987 <vamsivenkat1998@gmail.com>
Date:   Sun May 31 15:27:10 2020 +0200

    backend file

commit bd47a19c037ac1c71044dec484ae7895d66450d0
Author: vamsivenkat987 <vamsivenkat1998@gmail.com>
Date:   Thu May 14 19:21:33 2020 +0200

    remove commit

commit 7c8a3dcdc1909f06654f979a67777d0de13feccf
Author: vamsivenkat987 <vamsivenkat1998@gmail.com>
Date:   Mon May 11 21:23:51 2020 +0200

    search commit

commit e0f7425b0bdfb58dff3b0a57d3862b8159b58732
Author: vamsivenkat987 <vamsivenkat1998@gmail.com>
Date:   Sat May 9 11:51:16 2020 +0200

    five rmv commit

commit a55b8feceb7fa0e8974088c524b441b2496b9ca0
Author: vamsivenkat987 <vamsivenkat1998@gmail.com>
Date:   Wed May 6 11:20:25 2020 +0200

    fourth commit

commit e15ff1730aae8767c23ab9e49bea40c269c9606e
Author: vamsivenkat987 <vamsivenkat1998@gmail.com>
Date:   Wed May 6 11:19:29 2020 +0200

    third commit

commit ddba33d78ad6061c8a761ad8b53427718c258a6f
Author: vamsivenkat987 <vamsivenkat1998@gmail.com>
Date:   Tue May 5 12:23:06 2020 +0200

    third commit

commit 21939989f100121a44ebe457cc4d569f74d0ed27
Author: vamsivenkat987 <vamsivenkat1998@gmail.com>
Date:   Tue Apr 28 20:07:41 2020 +0200

    second commit

commit 36814fee1f7635d6fa0c56e46a330871672f4b87
Author: vamsivenkat987 <vamsivenkat1998@gmail.com>
Date:   Fri Apr 24 12:26:57 2020 +0200

    first commit

commit 2f1b86ad5320b57e39fa61a0f8f815d01c8f184c
Author: vamsivenkat987 <vamsivenkat1998@gmail.com>
Date:   Thu Apr 23 21:51:59 2020 +0200

    first commit
