commit c6b2deec38364c5d02f29133ca68cf7cdd1da628
Author: Veeramreddy Sri Venkata Vamsi <55131501+vamsivenkat987@users.noreply.github.com>
Date:   Mon Dec 14 19:49:17 2020 +0100

    Update backend

commit baa31311195ac53964c15fb335441f7e3ea4eea9
Author: Veeramreddy Sri Venkata Vamsi <55131501+vamsivenkat987@users.noreply.github.com>
Date:   Mon Dec 14 19:40:04 2020 +0100

    Create search.php

commit 1fa2234bcabfab9e29ed263c26ddbdc804f14420
Author: Veeramreddy Sri Venkata Vamsi <55131501+vamsivenkat987@users.noreply.github.com>
Date:   Mon Dec 14 19:39:13 2020 +0100

    Create removeDevice.php

commit eca212afeada1b04796d07014e0d26c6ea0cba1d
Author: Veeramreddy Sri Venkata Vamsi <55131501+vamsivenkat987@users.noreply.github.com>
Date:   Mon Dec 14 19:37:41 2020 +0100

    Create listDevs.php

commit 44e7568a603bb0340f7bc57fec769fe376ae7756
Author: Veeramreddy Sri Venkata Vamsi <55131501+vamsivenkat987@users.noreply.github.com>
Date:   Mon Dec 14 19:36:54 2020 +0100

    Create list.php

commit 0231e439a166479ad3f02b8bbb36a71c51d6f24c
Author: Veeramreddy Sri Venkata Vamsi <55131501+vamsivenkat987@users.noreply.github.com>
Date:   Mon Dec 14 19:35:26 2020 +0100

    Create config.php

commit ce3fd7a357c718dc261c435d8ad3d72f26dd6370
Author: Veeramreddy Sri Venkata Vamsi <55131501+vamsivenkat987@users.noreply.github.com>
Date:   Mon Dec 14 19:34:17 2020 +0100

    Update addDevice.php

commit aebda17765025c5c1174ef71a0ed37c496f271ac
Author: Veeramreddy Sri Venkata Vamsi <55131501+vamsivenkat987@users.noreply.github.com>
Date:   Mon Dec 14 19:32:33 2020 +0100

    addDevice.php

commit a780100688a6eaa2b2a2f785d919c626f1275176
Author: Veeramreddy Sri Venkata Vamsi <55131501+vamsivenkat987@users.noreply.github.com>
Date:   Mon Dec 14 19:27:28 2020 +0100

    Delete myPythonPkts

commit 1cf369e400f47278dfa5e93dda1396919ad67855
Author: Veeramreddy Sri Venkata Vamsi <55131501+vamsivenkat987@users.noreply.github.com>
Date:   Mon Dec 14 19:27:16 2020 +0100

    Delete myPackages

commit 16b08974e5b1955dbe2db6c60e3f03b4053757b6
Author: Veeramreddy Sri Venkata Vamsi <55131501+vamsivenkat987@users.noreply.github.com>
Date:   Mon Dec 14 19:27:00 2020 +0100

    Delete logfile.log

commit 9712e7193017a7c7e1912913a594b09d653758a8
Author: Veeramreddy Sri Venkata Vamsi <55131501+vamsivenkat987@users.noreply.github.com>
Date:   Mon Dec 14 19:26:12 2020 +0100

    Update backend

commit 15012c30b044c29d63e8147a894715b490401956
Author: Veeramreddy Sri Venkata Vamsi <55131501+vamsivenkat987@users.noreply.github.com>
Date:   Mon Dec 14 18:51:21 2020 +0100

    Add files via upload

commit 87fe191fd39bdf4bcedee7d80947b8476ad3e32f
Author: Veeramreddy Sri Venkata Vamsi <55131501+vamsivenkat987@users.noreply.github.com>
Date:   Mon Dec 14 14:17:55 2020 +0100

    Delete search.php

commit 0f6d337625cda3311f04dcbde4d3c7ab59ab547b
Author: Veeramreddy Sri Venkata Vamsi <55131501+vamsivenkat987@users.noreply.github.com>
Date:   Mon Dec 14 14:17:45 2020 +0100

    Delete removeDevice.php

commit a6bf9b8aacbdeb7e098fac254ed3ad8aa5ed8eaa
Author: Veeramreddy Sri Venkata Vamsi <55131501+vamsivenkat987@users.noreply.github.com>
Date:   Mon Dec 14 14:17:29 2020 +0100

    Delete listDevs.php

commit ef20d000ca2773b3d34cd0ed843a751616fb0ec9
Author: Veeramreddy Sri Venkata Vamsi <55131501+vamsivenkat987@users.noreply.github.com>
Date:   Mon Dec 14 14:17:18 2020 +0100

    Delete list.php

commit 753812b9f9a185ee97c10f2c0696b80bf3e1556f
Author: Veeramreddy Sri Venkata Vamsi <55131501+vamsivenkat987@users.noreply.github.com>
Date:   Mon Dec 14 14:17:08 2020 +0100

    Delete config.php

commit 53d188d224eb7685c0bb57e1e93b5bca8c04d1d2
Author: Veeramreddy Sri Venkata Vamsi <55131501+vamsivenkat987@users.noreply.github.com>
Date:   Mon Dec 14 14:16:57 2020 +0100

    Delete backend

commit 6b9bedb222de356e885a39c556203f1b2b68b0cb
Author: Veeramreddy Sri Venkata Vamsi <55131501+vamsivenkat987@users.noreply.github.com>
Date:   Mon Dec 14 14:16:42 2020 +0100

    adddevice.php was deleted

commit c4f012cda67df530050c7013fcd4f66168961d01
Author: mounika120 <mounikapolisetti97@gmail.com>
Date:   Sun Jun 14 19:32:07 2020 +0200

    my ubuntu version

commit 40c4c505002e5f26174ee6c97deb58d600820a29
Author: mounika120 <mounikapolisetti97@gmail.com>
Date:   Sun Jun 14 13:41:05 2020 +0200

    log file

commit 02524a8e863ea8006e0f463298c396f273bf7402
Author: mounika120 <mounikapolisetti97@gmail.com>
Date:   Sun Jun 14 13:40:43 2020 +0200

    remove data file

commit b2c4ce4c83b6eaf76112aa47cabfeb73991e1cf8
Author: mounika120 <mounikapolisetti97@gmail.com>
Date:   Sun Jun 14 13:39:42 2020 +0200

    listdevs file

commit 84e51b445b21f576ff19220c9b057ad14e4a12c1
Author: mounika120 <mounikapolisetti97@gmail.com>
Date:   Sun Jun 14 13:39:09 2020 +0200

    adding data file

commit 2bc122f6229f0c9e6829d7d6e3c824d8ebff9792
Author: mounika120 <mounikapolisetti97@gmail.com>
Date:   Sun Jun 14 13:25:11 2020 +0200

    listdevs file

commit 674445784c08e492fb644dc066bd877f867f4135
Author: mounika120 <mounikapolisetti97@gmail.com>
Date:   Sun Jun 14 13:24:38 2020 +0200

    backend for probing

commit b9690dcd2cc1d0c5607152f9eceea13878040378
Author: mounika120 <mounikapolisetti97@gmail.com>
Date:   Sun Jun 14 13:22:24 2020 +0200

    backend code foe probing

commit d2aee2c7af8000787ca25915d36a1b501f958684
Author: mounika120 <mounikapolisetti97@gmail.com>
Date:   Sat Jun 13 22:24:24 2020 +0200

    search file

commit 291d8967bcd4e6682bf0c12e1855a36bd97fc66a
Author: mounika120 <mounikapolisetti97@gmail.com>
Date:   Sat Jun 13 22:24:05 2020 +0200

    remove file

commit e7930d9e0f3853cf6e3e18935701eeac884c97d4
Author: mounika120 <mounikapolisetti97@gmail.com>
Date:   Sat Jun 13 22:23:41 2020 +0200

    mypython packages file

commit bac4e7eea6b0b824559e208bea197f0f280d2504
Author: mounika120 <mounikapolisetti97@gmail.com>
Date:   Sat Jun 13 22:23:05 2020 +0200

    mypackages file

commit d224bcc32212c1a116c690e0f349517c01ba6994
Author: mounika120 <mounikapolisetti97@gmail.com>
Date:   Sat Jun 13 22:21:43 2020 +0200

    listdevs file

commit a67ac6e5b84e482322a0be8a2f1f40ef3249aea8
Author: mounika120 <mounikapolisetti97@gmail.com>
Date:   Sat Jun 13 22:21:12 2020 +0200

    list file

commit 35ea11be022306d68b78ab5f0f0340be544a0870
Author: mounika120 <mounikapolisetti97@gmail.com>
Date:   Sat Jun 13 22:20:51 2020 +0200

    config file

commit 7d091b1b3a136a7c0a0e93b98edab53d0579f15f
Author: mounika120 <mounikapolisetti97@gmail.com>
Date:   Sat Jun 13 22:20:00 2020 +0200

    backend probing file

commit b4728f4e739db514422bde10f4a92afe5070bc01
Author: mounika120 <mounikapolisetti97@gmail.com>
Date:   Sat Jun 13 22:18:35 2020 +0200

    adding device file

commit c29d64c51723303a321447ac92654c24cdf1fc47
Author: vamsivenkat987 <vamsivenkat1998@gmail.com>
Date:   Sun May 31 20:02:26 2020 +0200

    commit history

commit 30ae04e3b2c10a5c1b91e209a87c9e58f2800b59
Author: vamsivenkat987 <vamsivenkat1998@gmail.com>
Date:   Sun May 31 20:01:37 2020 +0200

    search file

commit 24730b40665cc5ab8ffd71698f67674c08f078cb
Author: vamsivenkat987 <vamsivenkat1998@gmail.com>
Date:   Sun May 31 20:00:59 2020 +0200

    remove file

commit 99c0a916eb6f267da2340db372bf1a64e53c57a6
Author: vamsivenkat987 <vamsivenkat1998@gmail.com>
Date:   Sun May 31 19:59:39 2020 +0200

    listdevs file

commit edfa14b281c7c86f84824f86ecee9bd721ac0802
Author: vamsivenkat987 <vamsivenkat1998@gmail.com>
Date:   Sun May 31 19:59:07 2020 +0200

    list file

commit f2342dd3bc4c5241494ee5f8f2324254f38699ab
Author: vamsivenkat987 <vamsivenkat1998@gmail.com>
Date:   Sun May 31 19:58:31 2020 +0200

    config file

commit b754afd8c36a6b3b4dbc12cada886ad9ece6c986
Author: vamsivenkat987 <vamsivenkat1998@gmail.com>
Date:   Sun May 31 19:56:30 2020 +0200

    backend

commit 2ed64e54044bdd3d34d4ffce9359c25777564db0
Author: vamsivenkat987 <vamsivenkat1998@gmail.com>
Date:   Sun May 31 19:55:48 2020 +0200

    adddevice file

commit 7af08e114fbaade7ef5f5de76c633ab9a85d4ed2
Author: vamsivenkat987 <55131501+vamsivenkat987@users.noreply.github.com>
Date:   Sun May 31 15:38:55 2020 +0200

    Create README.md

commit 3835597e3af1158ec543bedfb98a1adad789487e
Author: vamsivenkat987 <vamsivenkat1998@gmail.com>
Date:   Sun May 31 15:29:47 2020 +0200

    log file

commit 301158396119b7ecab7bb8cdbb3893ead4c32b65
Author: vamsivenkat987 <vamsivenkat1998@gmail.com>
Date:   Sun May 31 15:28:28 2020 +0200

    search file

commit b81082ed2a063102d8abb2a7a64410347aa4f617
Author: vamsivenkat987 <vamsivenkat1998@gmail.com>
Date:   Sun May 31 15:27:10 2020 +0200

    backend file

commit bd47a19c037ac1c71044dec484ae7895d66450d0
Author: vamsivenkat987 <vamsivenkat1998@gmail.com>
Date:   Thu May 14 19:21:33 2020 +0200

    remove commit

commit 7c8a3dcdc1909f06654f979a67777d0de13feccf
Author: vamsivenkat987 <vamsivenkat1998@gmail.com>
Date:   Mon May 11 21:23:51 2020 +0200

    search commit

commit e0f7425b0bdfb58dff3b0a57d3862b8159b58732
Author: vamsivenkat987 <vamsivenkat1998@gmail.com>
Date:   Sat May 9 11:51:16 2020 +0200

    five rmv commit

commit a55b8feceb7fa0e8974088c524b441b2496b9ca0
Author: vamsivenkat987 <vamsivenkat1998@gmail.com>
Date:   Wed May 6 11:20:25 2020 +0200

    fourth commit

commit e15ff1730aae8767c23ab9e49bea40c269c9606e
Author: vamsivenkat987 <vamsivenkat1998@gmail.com>
Date:   Wed May 6 11:19:29 2020 +0200

    third commit

commit ddba33d78ad6061c8a761ad8b53427718c258a6f
Author: vamsivenkat987 <vamsivenkat1998@gmail.com>
Date:   Tue May 5 12:23:06 2020 +0200

    third commit

commit 21939989f100121a44ebe457cc4d569f74d0ed27
Author: vamsivenkat987 <vamsivenkat1998@gmail.com>
Date:   Tue Apr 28 20:07:41 2020 +0200

    second commit

commit 36814fee1f7635d6fa0c56e46a330871672f4b87
Author: vamsivenkat987 <vamsivenkat1998@gmail.com>
Date:   Fri Apr 24 12:26:57 2020 +0200

    first commit

commit 2f1b86ad5320b57e39fa61a0f8f815d01c8f184c
Author: vamsivenkat987 <vamsivenkat1998@gmail.com>
Date:   Thu Apr 23 21:51:59 2020 +0200

    first commit
